c:\users\pc\downloads\mang2chieu\baitapvemang2chieu\bai3_timhangcotongcacphantulonnhat\debug\vc143.pdb
c:\users\pc\downloads\mang2chieu\baitapvemang2chieu\bai3_timhangcotongcacphantulonnhat\debug\vc143.idb
c:\users\pc\downloads\mang2chieu\baitapvemang2chieu\bai3_timhangcotongcacphantulonnhat\debug\3.obj
e:\baitapcode(home)\mang2chieu\baitapvemang2chieu\bai3_timhangcotongcacphantulonnhat\debug\vc143.pdb
e:\baitapcode(home)\mang2chieu\baitapvemang2chieu\bai3_timhangcotongcacphantulonnhat\debug\vc143.idb
e:\baitapcode(home)\mang2chieu\baitapvemang2chieu\bai3_timhangcotongcacphantulonnhat\debug\3.obj
c:\users\pc\downloads\mang2chieu\baitapvemang2chieu\debug\bai3_timhangcotongcacphantulonnhat.exe
c:\users\pc\downloads\mang2chieu\baitapvemang2chieu\bai3_timhangcotongcacphantulonnhat\debug\bai3_timhangcotongcacphantulonnhat.ilk
c:\users\pc\downloads\mang2chieu\baitapvemang2chieu\debug\bai3_timhangcotongcacphantulonnhat.pdb
e:\baitapcode(home)\mang2chieu\baitapvemang2chieu\bai3_timhangcotongcacphantulonnhat\debug\bai3_timhangcotongcacphantulonnhat.ilk
e:\baitapcode(home)\mang2chieu\baitapvemang2chieu\debug\bai3_timhangcotongcacphantulonnhat.exe
e:\baitapcode(home)\mang2chieu\baitapvemang2chieu\debug\bai3_timhangcotongcacphantulonnhat.pdb
e:\code_home\mang_2chieu\baitapvemang2chieu\bai3_timhangcotongcacphantulonnhat\debug\3.obj
e:\code_home\mang_2chieu\baitapvemang2chieu\bai3_timhangcotongcacphantulonnhat\debug\bai3_timhangcotongcacphantulonnhat.ilk
e:\code_home\mang_2chieu\baitapvemang2chieu\bai3_timhangcotongcacphantulonnhat\debug\vc143.idb
e:\code_home\mang_2chieu\baitapvemang2chieu\bai3_timhangcotongcacphantulonnhat\debug\vc143.pdb
e:\code_home\mang_2chieu\baitapvemang2chieu\debug\bai3_timhangcotongcacphantulonnhat.pdb
e:\code_home\mang_2chieu\baitapvemang2chieu\debug\bai3_timhangcotongcacphantulonnhat.exe
e:\code_home\mang_2chieu\baitapvemang2chieu\bai3_timhangcotongcacphantulonnhat\debug\bai3_tim.69d6c9b1.tlog\cl.command.1.tlog
e:\code_home\mang_2chieu\baitapvemang2chieu\bai3_timhangcotongcacphantulonnhat\debug\bai3_tim.69d6c9b1.tlog\cl.read.1.tlog
e:\code_home\mang_2chieu\baitapvemang2chieu\bai3_timhangcotongcacphantulonnhat\debug\bai3_tim.69d6c9b1.tlog\cl.write.1.tlog
e:\code_home\mang_2chieu\baitapvemang2chieu\bai3_timhangcotongcacphantulonnhat\debug\bai3_tim.69d6c9b1.tlog\link.command.1.tlog
e:\code_home\mang_2chieu\baitapvemang2chieu\bai3_timhangcotongcacphantulonnhat\debug\bai3_tim.69d6c9b1.tlog\link.read.1.tlog
e:\code_home\mang_2chieu\baitapvemang2chieu\bai3_timhangcotongcacphantulonnhat\debug\bai3_tim.69d6c9b1.tlog\link.write.1.tlog
